<?xml version="1.0" encoding="UTF-8"?>
<!-- Generated by org.testng.reporters.JUnitReportReporter -->
<testsuite hostname="satyaM" failures="0" tests="1" name="AppiumTest.appium.TestCase1" time="65.506" errors="0" timestamp="14 Oct 2024 17:40:03 GMT" skipped="0">
  <testcase classname="AppiumTest.appium.TestCase1" name="AppiumTest" time="65.506"/>
</testsuite> <!-- AppiumTest.appium.TestCase1 -->
